0 info it worked if it ends with ok
1 verbose cli [ 'C:\\Program Files\\nodejs\\node.exe',
1 verbose cli   'C:\\Program Files\\nodejs\\node_modules\\npm\\bin\\npm-cli.js',
1 verbose cli   'install' ]
2 info using npm@3.10.10
3 info using node@v6.11.3
4 silly loadCurrentTree Starting
5 silly install loadCurrentTree
6 silly install readLocalPackageData
7 silly install normalizeTree
8 silly loadCurrentTree Finishing
9 silly loadIdealTree Starting
10 silly install loadIdealTree
11 silly cloneCurrentTree Starting
12 silly install cloneCurrentTreeToIdealTree
13 silly cloneCurrentTree Finishing
14 silly loadShrinkwrap Starting
15 silly install loadShrinkwrap
16 silly loadShrinkwrap Finishing
17 silly loadAllDepsIntoIdealTree Starting
18 silly install loadAllDepsIntoIdealTree
19 silly fetchNamedPackageData cordova-android
20 silly mapToRegistry name cordova-android
21 silly mapToRegistry using default registry
22 silly mapToRegistry registry https://registry.npmjs.org/
23 silly mapToRegistry data Result {
23 silly mapToRegistry   raw: 'cordova-android',
23 silly mapToRegistry   scope: null,
23 silly mapToRegistry   escapedName: 'cordova-android',
23 silly mapToRegistry   name: 'cordova-android',
23 silly mapToRegistry   rawSpec: '',
23 silly mapToRegistry   spec: 'latest',
23 silly mapToRegistry   type: 'tag' }
24 silly mapToRegistry uri https://registry.npmjs.org/cordova-android
25 silly fetchNamedPackageData cordova-plugin-whitelist
26 silly mapToRegistry name cordova-plugin-whitelist
27 silly mapToRegistry using default registry
28 silly mapToRegistry registry https://registry.npmjs.org/
29 silly mapToRegistry data Result {
29 silly mapToRegistry   raw: 'cordova-plugin-whitelist',
29 silly mapToRegistry   scope: null,
29 silly mapToRegistry   escapedName: 'cordova-plugin-whitelist',
29 silly mapToRegistry   name: 'cordova-plugin-whitelist',
29 silly mapToRegistry   rawSpec: '',
29 silly mapToRegistry   spec: 'latest',
29 silly mapToRegistry   type: 'tag' }
30 silly mapToRegistry uri https://registry.npmjs.org/cordova-plugin-whitelist
31 verbose request uri https://registry.npmjs.org/cordova-android
32 verbose request no auth needed
33 info attempt registry request try #1 at 8:49:38 PM
34 verbose request id b9514efb9b49b3db
35 http request GET https://registry.npmjs.org/cordova-android
36 verbose request uri https://registry.npmjs.org/cordova-plugin-whitelist
37 verbose request no auth needed
38 info attempt registry request try #1 at 8:49:38 PM
39 http request GET https://registry.npmjs.org/cordova-plugin-whitelist
40 info retry will retry, error on last attempt: Error: tunneling socket could not be established, cause=getaddrinfo ENOTFOUND www-proxy.us.oracle.com www-proxy.us.oracle.com:80
41 info retry will retry, error on last attempt: Error: tunneling socket could not be established, cause=getaddrinfo ENOTFOUND www-proxy.us.oracle.com www-proxy.us.oracle.com:80
42 info attempt registry request try #2 at 8:49:48 PM
43 http request GET https://registry.npmjs.org/cordova-android
44 info attempt registry request try #2 at 8:49:48 PM
45 http request GET https://registry.npmjs.org/cordova-plugin-whitelist
46 info retry will retry, error on last attempt: Error: tunneling socket could not be established, cause=getaddrinfo ENOTFOUND www-proxy.us.oracle.com www-proxy.us.oracle.com:80
47 info retry will retry, error on last attempt: Error: tunneling socket could not be established, cause=getaddrinfo ENOTFOUND www-proxy.us.oracle.com www-proxy.us.oracle.com:80
48 info attempt registry request try #3 at 8:50:48 PM
49 http request GET https://registry.npmjs.org/cordova-android
50 info attempt registry request try #3 at 8:50:48 PM
51 http request GET https://registry.npmjs.org/cordova-plugin-whitelist
52 silly fetchPackageMetaData Error: tunneling socket could not be established, cause=getaddrinfo ENOTFOUND www-proxy.us.oracle.com www-proxy.us.oracle.com:80
52 silly fetchPackageMetaData     at ClientRequest.onError (C:\Program Files\nodejs\node_modules\npm\node_modules\request\node_modules\tunnel-agent\index.js:176:17)
52 silly fetchPackageMetaData     at ClientRequest.g (events.js:292:16)
52 silly fetchPackageMetaData     at emitOne (events.js:96:13)
52 silly fetchPackageMetaData     at ClientRequest.emit (events.js:188:7)
52 silly fetchPackageMetaData     at Socket.socketErrorListener (_http_client.js:310:9)
52 silly fetchPackageMetaData     at emitOne (events.js:96:13)
52 silly fetchPackageMetaData     at Socket.emit (events.js:188:7)
52 silly fetchPackageMetaData     at connectErrorNT (net.js:1021:8)
52 silly fetchPackageMetaData     at _combinedTickCallback (internal/process/next_tick.js:80:11)
52 silly fetchPackageMetaData     at process._tickCallback (internal/process/next_tick.js:104:9)
52 silly fetchPackageMetaData  error for cordova-android@^7.0.0 { Error: tunneling socket could not be established, cause=getaddrinfo ENOTFOUND www-proxy.us.oracle.com www-proxy.us.oracle.com:80
52 silly fetchPackageMetaData     at ClientRequest.onError (C:\Program Files\nodejs\node_modules\npm\node_modules\request\node_modules\tunnel-agent\index.js:176:17)
52 silly fetchPackageMetaData     at ClientRequest.g (events.js:292:16)
52 silly fetchPackageMetaData     at emitOne (events.js:96:13)
52 silly fetchPackageMetaData     at ClientRequest.emit (events.js:188:7)
52 silly fetchPackageMetaData     at Socket.socketErrorListener (_http_client.js:310:9)
52 silly fetchPackageMetaData     at emitOne (events.js:96:13)
52 silly fetchPackageMetaData     at Socket.emit (events.js:188:7)
52 silly fetchPackageMetaData     at connectErrorNT (net.js:1021:8)
52 silly fetchPackageMetaData     at _combinedTickCallback (internal/process/next_tick.js:80:11)
52 silly fetchPackageMetaData     at process._tickCallback (internal/process/next_tick.js:104:9) code: 'ECONNRESET' }
53 silly fetchPackageMetaData Error: tunneling socket could not be established, cause=getaddrinfo ENOTFOUND www-proxy.us.oracle.com www-proxy.us.oracle.com:80
53 silly fetchPackageMetaData     at ClientRequest.onError (C:\Program Files\nodejs\node_modules\npm\node_modules\request\node_modules\tunnel-agent\index.js:176:17)
53 silly fetchPackageMetaData     at ClientRequest.g (events.js:292:16)
53 silly fetchPackageMetaData     at emitOne (events.js:96:13)
53 silly fetchPackageMetaData     at ClientRequest.emit (events.js:188:7)
53 silly fetchPackageMetaData     at Socket.socketErrorListener (_http_client.js:310:9)
53 silly fetchPackageMetaData     at emitOne (events.js:96:13)
53 silly fetchPackageMetaData     at Socket.emit (events.js:188:7)
53 silly fetchPackageMetaData     at connectErrorNT (net.js:1021:8)
53 silly fetchPackageMetaData     at _combinedTickCallback (internal/process/next_tick.js:80:11)
53 silly fetchPackageMetaData     at process._tickCallback (internal/process/next_tick.js:104:9)
53 silly fetchPackageMetaData  error for cordova-plugin-whitelist@^1.3.3 { Error: tunneling socket could not be established, cause=getaddrinfo ENOTFOUND www-proxy.us.oracle.com www-proxy.us.oracle.com:80
53 silly fetchPackageMetaData     at ClientRequest.onError (C:\Program Files\nodejs\node_modules\npm\node_modules\request\node_modules\tunnel-agent\index.js:176:17)
53 silly fetchPackageMetaData     at ClientRequest.g (events.js:292:16)
53 silly fetchPackageMetaData     at emitOne (events.js:96:13)
53 silly fetchPackageMetaData     at ClientRequest.emit (events.js:188:7)
53 silly fetchPackageMetaData     at Socket.socketErrorListener (_http_client.js:310:9)
53 silly fetchPackageMetaData     at emitOne (events.js:96:13)
53 silly fetchPackageMetaData     at Socket.emit (events.js:188:7)
53 silly fetchPackageMetaData     at connectErrorNT (net.js:1021:8)
53 silly fetchPackageMetaData     at _combinedTickCallback (internal/process/next_tick.js:80:11)
53 silly fetchPackageMetaData     at process._tickCallback (internal/process/next_tick.js:104:9) code: 'ECONNRESET' }
54 silly rollbackFailedOptional Starting
55 silly rollbackFailedOptional Finishing
56 silly runTopLevelLifecycles Finishing
57 silly install printInstalled
58 verbose stack Error: tunneling socket could not be established, cause=getaddrinfo ENOTFOUND www-proxy.us.oracle.com www-proxy.us.oracle.com:80
58 verbose stack     at ClientRequest.onError (C:\Program Files\nodejs\node_modules\npm\node_modules\request\node_modules\tunnel-agent\index.js:176:17)
58 verbose stack     at ClientRequest.g (events.js:292:16)
58 verbose stack     at emitOne (events.js:96:13)
58 verbose stack     at ClientRequest.emit (events.js:188:7)
58 verbose stack     at Socket.socketErrorListener (_http_client.js:310:9)
58 verbose stack     at emitOne (events.js:96:13)
58 verbose stack     at Socket.emit (events.js:188:7)
58 verbose stack     at connectErrorNT (net.js:1021:8)
58 verbose stack     at _combinedTickCallback (internal/process/next_tick.js:80:11)
58 verbose stack     at process._tickCallback (internal/process/next_tick.js:104:9)
59 verbose cwd C:\Users\satyajsh\Documents\myApp
60 error Windows_NT 10.0.14393
61 error argv "C:\\Program Files\\nodejs\\node.exe" "C:\\Program Files\\nodejs\\node_modules\\npm\\bin\\npm-cli.js" "install"
62 error node v6.11.3
63 error npm  v3.10.10
64 error code ECONNRESET
65 error network tunneling socket could not be established, cause=getaddrinfo ENOTFOUND www-proxy.us.oracle.com www-proxy.us.oracle.com:80
66 error network This is most likely not a problem with npm itself
66 error network and is related to network connectivity.
66 error network In most cases you are behind a proxy or have bad network settings.
66 error network
66 error network If you are behind a proxy, please make sure that the
66 error network 'proxy' config is set properly.  See: 'npm help config'
67 verbose exit [ 1, true ]
